[100241][1721704440170][main][info]["Booting Postman 11.3.2, linux-6.9.10-arch1-1 on x64"]
[100241][1721704440173][main][info]["EventBus~initialize - Success"]
[100241][1721704440174][main][info]["Proxy configuration has not been setup"]
[100241][1721704440174][main][info]["CloudProxyManager~init - Success"]
[100241][1721704440177][main][info]["performShellDataMigration: Starting shell data migration"]
[100241][1721704440177][main][info]["migrateShellData:Starting"]
[100241][1721704440187][main][info]["migrateShellData: Old storage cleaned up"]
[100241][1721704440346][main][info]["migrateShellData: Got data from shell. Writing to storage"]
[100241][1721704440349][main][info]["performShellDataMigration: Migration successful on try count 1"]
[100241][1721704440354][main][info]["UpdateHandler~init - Success"]
[100241][1721704440355][main][info]["LeaderSelection: Initialized successfully"]
[100241][1721704440356][main][info]["VersionDependencyService: Initialized successfully"]
[100241][1721704440462][main][info]["Generated root certificate for linux"]
[100241][1721704440464][main][info]["LinuxAutoUpdater~Cleanup - Initial cleanup successful"]
[100241][1721704440483][main][info]["GPU detected VID 4318 DID 9476 ACTIVE true"]
[100241][1721704440484][main][info]["newAccountRegionPreferenceService~getPreferenceWithFallback - Preference not found in storage."]
[100241][1721704440484][main][info]["newAccountRegionPreferenceService~getToggleMenuTemplate - Using preference:","useUSRegion"]
[100241][1721704440492][main][info]["shellController~init: Success"]
[100241][1721704440500][main][info]["shellMeta~init: Success"]
[100241][1721704440500][main][info]["partitionMigrationService: State of V7 partition:"]
[100241][1721704440500][main][info]["partitionMigrationService: V7 partitions",[]]
[100241][1721704440500][main][info]["partitionMigrationService~rectifyNamespaceOfScratchPadPartition: There is no partition with scratchpad namespace"]
[100241][1721704440500][main][info]["partitionMigrationService~rectifyNamespaceOfScratchPadPartition: There is no transit partition which could have been used for scratchpad"]
[100241][1721704440500][main][info]["partitionMigrationService~init: Success"]
[100241][1721704440510][main][info]["partitionMigrationService~runV8PartitionsIntegrity: Two way migration~ removing the following partitions from v8",[]]
[100241][1721704440512][main][info]["userPartitionService~_rectifyTheActivePartitionOfApplication: Setting the active partition to ",null]
[100241][1721704440525][main][info]["userPartitionService~init: Success"]
[100241][1721704440532][main][info]["proxyCertificateService~ensureRootCAPresence: Deleting and creating new certificates"]
[100241][1721704440538][main][info]["userPartitionService: State of v8 partition system:"]
[100241][1721704440540][main][info]["shell~init~getPartitionToLoad: loading scratchpad partition"]
[100241][1721704440541][main][info]["userPartitionService: List of partitions:",[]]
[100241][1721704440541][main][info]["userPartitionService: users global meta:",{}]
[100241][1721704440580][main][info]["Main:windowManager~newRequesterWindow: Fetch and update runtime config: undefined"]
[100241][1721704442155][main][info]["RuntimeIPCAgent~started: Success"]
[100241][1721704442514][main][info]["Main~scratchpadThemeAction:: action: set, value: dark"]
[100241][1721704442515][main][info]["Main~scratchpadThemeAction:: action: set, value: dark"]
[100241][1721704442516][main][info]["Main~scratchpadThemeAction:: action: set, value: dark"]
[100241][1721704442527][main][info]["UpdateHandler~app-update-events - Received event",{"name":"checkForElectronVersionUpdated","namespace":"appUpdate"}]
[100241][1721704442532][main][info]["windowManager: First requester booted successfully."]
[100241][1721704442532][main][info]["windowManager~restoreWindows: Restoring requester windows"]
[100241][1721704442532][main][info]["Main~AppEvents - Received booted event for process requester.Version undefined UI Version: undefined Desktop Platform Version: 11.3.2"]
[100241][1721704445355][main][info]["VersionDependencyService: Resetting UI version as user logged out/switched account"]
[100241][1721704445356][main][info]["Main - model-events~user - (users, add) received"]
[100241][1721704445564][main][info]["AuthHandler~open: Received dom-ready event."]
[100241][1721704445569][main][info]["AuthHandler~open: Received did-finish-load event."]
[100241][1721704445686][main][warn]["AuthHandler~open: Current app is not default protocol client - Falling back to polling mechanism."]
[100241][1721704445687][main][info]["newAccountRegionPreferenceService~getPreferenceWithFallback - Preference not found in storage."]
[100241][1721704445687][main][info]["newAccountRegionPreferenceService~getRegionPreference - Using preference:","useUSRegion"]
[100241][1721704445688][main][info]["AuthHandler~open: new Account region preference:","us"]
[100241][1721704445688][main][info]["AuthHandler~open: get multiLoginToken token."]
[100241][1721704445689][main][info]["AuthHandler~open: Publishing initialize event to auth-window channel."]
[100241][1721704464625][main][info]["Shell~init~loginUser: associating the user ","10478288"," with transit partition"]
[100241][1721704464625][main][info]["userPartitionService~getNewPartitionId: creating a partition with userId and teamId as 0"]
[100241][1721704464639][main][info]["userPartitionService~associateTransitPartition: ",{"partitionId":"1638ae1b-1058-4317-ab50-0f3ed3c7990c","context":{"namespace":"users","userId":"10478288","teamId":"1931117","region":"us"}}]
[100241][1721704464656][main][info]["userPartitionService: State of v8 partition system:"]
[100241][1721704464659][main][info]["userPartitionService: List of partitions:",[{"partitionId":"1638ae1b-1058-4317-ab50-0f3ed3c7990c","namespace":"users","userId":"10478288","teamId":"1931117","lastUpdated":"2024-07-23T03:14:24.639Z"},{"partitionId":"6164357f-90da-4005-ac1c-7a01df6f9327","namespace":"scratchPad","userId":0,"teamId":0,"isDirty":false}]]
[100241][1721704464659][main][info]["userPartitionService: users global meta:",{}]
[100241][1721704464667][main][info]["Main:windowManager~newRequesterWindow: Fetch and update runtime config: us"]
[100241][1721704468226][main][info]["Main~getRemoteInitPath:: "]
[100241][1721704468337][main][info]["Main - model-events~user - (user, update) received"]
[100241][1721704468338][main][info]["Main~reload: https://desktop.postman.com/?desktopVersion=11.3.2&userId=10478288&teamId=1931117&region=us"]
[100241][1721704468526][main][info]["UpdateHandler~app-update-events - Received event",{"name":"checkForElectronVersionUpdated","namespace":"appUpdate"}]
[100241][1721704468536][main][info]["windowManager: First requester booted successfully."]
[100241][1721704468536][main][info]["windowManager~restoreWindows: Restoring requester windows"]
[100241][1721704468536][main][info]["Main~AppEvents - Received booted event for process requester.Version 11.3.2 UI Version: 11.3.2-ui-240711-1537 Desktop Platform Version: 11.3.2"]
[100241][1721704468630][main][info]["Main~getRemoteInitPath:: "]
[100241][1721704468738][main][info]["INTERCEPTOR CONNECTIVITY: Attempting to start websocket server on port 15611"]
[100241][1721704468956][main][info]["Main~getPlatformLaunchPerfMetrics"]
[100241][1721704470935][main][info]["Main~getRemoteInitPath:: "]
[100241][1721704471020][main][info]["Main - model-events~user - (user, update) received"]
[100241][1721704471211][main][info]["UpdateHandler~app-update-events - Received event",{"name":"checkForElectronVersionUpdated","namespace":"appUpdate"}]
[100241][1721704471218][main][info]["Main~AppEvents - Received booted event for process requester.Version 11.3.2 UI Version: 11.3.2-ui-240711-1537 Desktop Platform Version: 11.3.2"]
[100241][1721704471270][main][info]["Main~getRemoteInitPath:: "]
[100241][1721704471569][main][info]["Main~getPlatformLaunchPerfMetrics"]
[100241][1721704471787][main][info]["Main - model-events~user - (user, bootstrapUser) received"]
[100241][1721704471787][main][info]["model-events~user - bootstrapUser received"]
[100241][1721704472881][main][info]["Main - model-events~user - (user, bootstrapUser) received"]
[100241][1721704472881][main][info]["model-events~user - bootstrapUser received"]
[100241][1721704482017][main][info]["UpdateHandler~app-update-events - Received event",{"name":"updateElectron","namespace":"appUpdate","data":{"channel":"stable","version":"11.3.2","downloadVersion":"11.4.0","appId":"2436da00-3ce7-40fd-a90b-94f569864b48","userAgent":"Mozilla/5.0 (X11; Linux x86_64) AppleWebKit/537.36 (KHTML, like Gecko) Postman/11.3.2 Electron/20.3.11 Safari/537.36","platform":"LINUX","arch":"64","downloadURL":"https://dl.pstmn.io/download/version/11.4.0/linux_64","updateServerDomain":"https://dl.pstmn.io/","additionalParamsString":"installationId=2436da00-3ce7-40fd-a90b-94f569864b48&userId=10478288&syncEnabled=true&teamPlan=sync-free-3-trial&teamId=1931117","userId":"10478288"}}]
[100241][1721704482017][main][info]["LinuxUpdater~downloadUpdate - UpdateInfo received",{"channel":"stable","version":"11.3.2","downloadVersion":"11.4.0","appId":"2436da00-3ce7-40fd-a90b-94f569864b48","userAgent":"Mozilla/5.0 (X11; Linux x86_64) AppleWebKit/537.36 (KHTML, like Gecko) Postman/11.3.2 Electron/20.3.11 Safari/537.36","platform":"LINUX","arch":"64","downloadURL":"https://dl.pstmn.io/download/version/11.4.0/linux_64","updateServerDomain":"https://dl.pstmn.io/","additionalParamsString":"installationId=2436da00-3ce7-40fd-a90b-94f569864b48&userId=10478288&syncEnabled=true&teamPlan=sync-free-3-trial&teamId=1931117","userId":"10478288"}]
[100241][1721704482589][main][info]["@postman/app-updater: error",{"errno":-13,"code":"EACCES","syscall":"open","path":"/opt/postman/Postman-1721704482018.tar.gz","name":"Error","message":"EACCES: permission denied, open '/opt/postman/Postman-1721704482018.tar.gz'","stack":"Error: EACCES: permission denied, open '/opt/postman/Postman-1721704482018.tar.gz'"},{"packageName":"Postman","eID":"Postman-1721704482018","downloadURL":"https://dl.pstmn.io/download/version/11.4.0/linux_64","downloadDirectory":"/opt/postman","downloadInfo":{"status":"DOWNLOAD_ERROR","error":{"errno":-13,"code":"EACCES","syscall":"open","path":"/opt/postman/Postman-1721704482018.tar.gz"},"downloadDirectory":"/opt/postman"}}]
[100241][1721704482589][main][info]["UpdateHandler~app-update-events - Received event",{"name":"electronAppUpdateError","namespace":"appUpdate","data":{"error":{"errno":-13,"code":"EACCES","syscall":"open","path":"/opt/postman/Postman-1721704482018.tar.gz","name":"Error","message":"EACCES: permission denied, open '/opt/postman/Postman-1721704482018.tar.gz'","stack":"Error: EACCES: permission denied, open '/opt/postman/Postman-1721704482018.tar.gz'"},"updateData":{"packageName":"Postman","eID":"Postman-1721704482018","downloadURL":"https://dl.pstmn.io/download/version/11.4.0/linux_64","downloadDirectory":"/opt/postman","downloadInfo":{"status":"DOWNLOAD_ERROR","error":{"errno":-13,"code":"EACCES","syscall":"open","path":"/opt/postman/Postman-1721704482018.tar.gz"},"downloadDirectory":"/opt/postman"}}}}]
[100241][1721704628994][main][info]["Main~users-list-update: ",["10478288"]]
[100241][1721704631324][main][info]["VersionDependencyService: Resetting UI version as user logged out/switched account"]
[100241][1721704631324][main][info]["Main - model-events~user - (user, logout) received"]
[100241][1721704631340][main][info]["Shell~init~logoutUser",{"id":"10478288"}]
[100241][1721704631389][main][info]["Shell~init~logoutUser: There is no user contexts anymore, falling back to scratchpad"]
[100241][1721704631391][main][info]["Main:windowManager~newRequesterWindow: Fetch and update runtime config: undefined"]
[100241][1721704632459][main][info]["Main~scratchpadThemeAction:: action: set, value: dark"]
[100241][1721704632460][main][info]["Main~scratchpadThemeAction:: action: set, value: dark"]
[100241][1721704632464][main][info]["Main~scratchpadThemeAction:: action: set, value: dark"]
[100241][1721704632477][main][info]["UpdateHandler~app-update-events - Received event",{"name":"checkForElectronVersionUpdated","namespace":"appUpdate"}]
[100241][1721704632482][main][info]["windowManager: First requester booted successfully."]
[100241][1721704632482][main][info]["windowManager~restoreWindows: Restoring requester windows"]
[100241][1721704632482][main][info]["Main~AppEvents - Received booted event for process requester.Version undefined UI Version: undefined Desktop Platform Version: 11.3.2"]
[100241][1721704635158][main][info]["VersionDependencyService: Resetting UI version as user logged out/switched account"]
[100241][1721704635159][main][info]["Main - model-events~user - (users, add) received"]
[100241][1721704635398][main][info]["AuthHandler~open: Received dom-ready event."]
[100241][1721704635402][main][info]["AuthHandler~open: Received did-finish-load event."]
[100241][1721704635515][main][warn]["AuthHandler~open: Current app is not default protocol client - Falling back to polling mechanism."]
[100241][1721704635516][main][info]["newAccountRegionPreferenceService~getPreferenceWithFallback - Preference not found in storage."]
[100241][1721704635516][main][info]["newAccountRegionPreferenceService~getRegionPreference - Using preference:","useUSRegion"]
[100241][1721704635518][main][info]["AuthHandler~open: new Account region preference:","us"]
[100241][1721704635518][main][info]["AuthHandler~open: get multiLoginToken token."]
[100241][1721704635519][main][info]["AuthHandler~open: Publishing initialize event to auth-window channel."]
[100241][1721704675862][main][info]["Shell~init~loginUser: associating the user ","25970515"," with transit partition"]
[100241][1721704675862][main][info]["userPartitionService~getNewPartitionId: creating a partition with userId and teamId as 0"]
[100241][1721704675884][main][info]["userPartitionService~associateTransitPartition: ",{"partitionId":"1638ae1b-1058-4317-ab50-0f3ed3c7990c","context":{"namespace":"users","userId":"25970515","teamId":"0","region":"us"}}]
[100241][1721704675901][main][info]["userPartitionService: State of v8 partition system:"]
[100241][1721704675905][main][info]["userPartitionService: List of partitions:",[{"partitionId":"1638ae1b-1058-4317-ab50-0f3ed3c7990c","namespace":"users","userId":"25970515","teamId":"0","lastUpdated":"2024-07-23T03:17:55.884Z"},{"partitionId":"6164357f-90da-4005-ac1c-7a01df6f9327","namespace":"scratchPad","userId":0,"teamId":0,"isDirty":false}]]
[100241][1721704675905][main][info]["userPartitionService: users global meta:",{}]
[100241][1721704675913][main][info]["Main:windowManager~newRequesterWindow: Fetch and update runtime config: us"]
[100241][1721704678047][main][info]["Main~getRemoteInitPath:: "]
[100241][1721704678130][main][info]["Main - model-events~user - (user, update) received"]
[100241][1721704678130][main][info]["Main~reload: https://desktop.postman.com/?desktopVersion=11.3.2&userId=25970515&teamId=0&region=us"]
[100241][1721704678326][main][info]["UpdateHandler~app-update-events - Received event",{"name":"checkForElectronVersionUpdated","namespace":"appUpdate"}]
[100241][1721704678331][main][info]["windowManager: First requester booted successfully."]
[100241][1721704678331][main][info]["windowManager~restoreWindows: Restoring requester windows"]
[100241][1721704678331][main][info]["Main~AppEvents - Received booted event for process requester.Version 11.3.2 UI Version: 11.3.2-ui-240711-1537 Desktop Platform Version: 11.3.2"]
[100241][1721704678383][main][info]["Main~getRemoteInitPath:: "]
[100241][1721704678655][main][info]["Main~getPlatformLaunchPerfMetrics"]
[100241][1721704680321][main][info]["Main~getRemoteInitPath:: "]
[100241][1721704680450][main][info]["Main - model-events~user - (user, update) received"]
[100241][1721704680638][main][info]["UpdateHandler~app-update-events - Received event",{"name":"checkForElectronVersionUpdated","namespace":"appUpdate"}]
[100241][1721704680645][main][info]["Main~AppEvents - Received booted event for process requester.Version 11.3.2 UI Version: 11.3.2-ui-240711-1537 Desktop Platform Version: 11.3.2"]
[100241][1721704680692][main][info]["Main~getRemoteInitPath:: "]
[100241][1721704681086][main][info]["Main~getPlatformLaunchPerfMetrics"]
[100241][1721704681137][main][info]["Main - model-events~user - (user, bootstrapUser) received"]
[100241][1721704681137][main][info]["model-events~user - bootstrapUser received"]
[100241][1721704681302][main][info]["Main - model-events~user - (user, bootstrapUser) received"]
[100241][1721704681303][main][info]["model-events~user - bootstrapUser received"]
[100241][1721704691766][main][info]["UpdateHandler~app-update-events - Received event",{"name":"updateElectron","namespace":"appUpdate","data":{"channel":"stable","version":"11.3.2","downloadVersion":"11.4.0","appId":"2436da00-3ce7-40fd-a90b-94f569864b48","userAgent":"Mozilla/5.0 (X11; Linux x86_64) AppleWebKit/537.36 (KHTML, like Gecko) Postman/11.3.2 Electron/20.3.11 Safari/537.36","platform":"LINUX","arch":"64","downloadURL":"https://dl.pstmn.io/download/version/11.4.0/linux_64","updateServerDomain":"https://dl.pstmn.io/","additionalParamsString":"installationId=2436da00-3ce7-40fd-a90b-94f569864b48&userId=25970515&syncEnabled=true&teamPlan=&teamId=0","userId":"25970515"}}]
[100241][1721704691767][main][info]["LinuxUpdater~downloadUpdate - UpdateInfo received",{"channel":"stable","version":"11.3.2","downloadVersion":"11.4.0","appId":"2436da00-3ce7-40fd-a90b-94f569864b48","userAgent":"Mozilla/5.0 (X11; Linux x86_64) AppleWebKit/537.36 (KHTML, like Gecko) Postman/11.3.2 Electron/20.3.11 Safari/537.36","platform":"LINUX","arch":"64","downloadURL":"https://dl.pstmn.io/download/version/11.4.0/linux_64","updateServerDomain":"https://dl.pstmn.io/","additionalParamsString":"installationId=2436da00-3ce7-40fd-a90b-94f569864b48&userId=25970515&syncEnabled=true&teamPlan=&teamId=0","userId":"25970515"}]
[100241][1721704692275][main][info]["@postman/app-updater: error",{"errno":-13,"code":"EACCES","syscall":"open","path":"/opt/postman/Postman-1721704691767.tar.gz","name":"Error","message":"EACCES: permission denied, open '/opt/postman/Postman-1721704691767.tar.gz'","stack":"Error: EACCES: permission denied, open '/opt/postman/Postman-1721704691767.tar.gz'"},{"packageName":"Postman","eID":"Postman-1721704691767","downloadURL":"https://dl.pstmn.io/download/version/11.4.0/linux_64","downloadDirectory":"/opt/postman","downloadInfo":{"status":"DOWNLOAD_ERROR","error":{"errno":-13,"code":"EACCES","syscall":"open","path":"/opt/postman/Postman-1721704691767.tar.gz"},"downloadDirectory":"/opt/postman"}}]
[100241][1721704692275][main][info]["UpdateHandler~app-update-events - Received event",{"name":"electronAppUpdateError","namespace":"appUpdate","data":{"error":{"errno":-13,"code":"EACCES","syscall":"open","path":"/opt/postman/Postman-1721704691767.tar.gz","name":"Error","message":"EACCES: permission denied, open '/opt/postman/Postman-1721704691767.tar.gz'","stack":"Error: EACCES: permission denied, open '/opt/postman/Postman-1721704691767.tar.gz'"},"updateData":{"packageName":"Postman","eID":"Postman-1721704691767","downloadURL":"https://dl.pstmn.io/download/version/11.4.0/linux_64","downloadDirectory":"/opt/postman","downloadInfo":{"status":"DOWNLOAD_ERROR","error":{"errno":-13,"code":"EACCES","syscall":"open","path":"/opt/postman/Postman-1721704691767.tar.gz"},"downloadDirectory":"/opt/postman"}}}}]
[100241][1721704741971][main][info]["sendAnalytics: Error while sending request",{"errno":-71,"code":"EPROTO","syscall":"write","name":"Error","message":"write EPROTO 18760420725576:error:100000d7:SSL routines:OPENSSL_internal:SSL_HANDSHAKE_FAILURE:../../../../src/third_party/boringssl/src/ssl/ssl_lib.cc:1070:\n","stack":"Error: write EPROTO 18760420725576:error:100000d7:SSL routines:OPENSSL_internal:SSL_HANDSHAKE_FAILURE:../../../../src/third_party/boringssl/src/ssl/ssl_lib.cc:1070:\n\n    at WriteWrap.onWriteComplete [as oncomplete] (node:internal/stream_base_commons:94:16)"}]
